BFMTV_BFMStory_2012-07-24_175800
BFMTV_BFMStory_2012-07-26_175800
BFMTV_BFMStory_2012-07-27_175800
BFMTV_BFMStory_2012-08-24_175800
BFMTV_BFMStory_2012-11-08_175800
BFMTV_BFMStory_2012-11-09_175800
BFMTV_BFMStory_2012-11-14_175800
BFMTV_BFMStory_2012-11-15_175800
BFMTV_CultureEtVous_2012-02-20_065040
BFMTV_CultureEtVous_2012-02-24_065040
BFMTV_CultureEtVous_2012-04-05_065040
BFMTV_CultureEtVous_2012-05-14_065040
BFMTV_CultureEtVous_2012-07-18_065040
BFMTV_CultureEtVous_2012-07-23_065040
BFMTV_CultureEtVous_2012-10-05_064700
BFMTV_CultureEtVous_2012-10-08_064700
BFMTV_CultureEtVous_2012-10-09_064700
BFMTV_CultureEtVous_2012-10-12_064700
BFMTV_CultureEtVous_2012-10-16_064700
BFMTV_CultureEtVous_2012-10-17_064700
BFMTV_CultureEtVous_2012-10-18_064700
BFMTV_CultureEtVous_2012-10-22_064700
BFMTV_CultureEtVous_2012-10-23_064700
BFMTV_CultureEtVous_2012-10-24_064700
BFMTV_CultureEtVous_2012-10-26_064700
BFMTV_CultureEtVous_2012-11-09_064700
BFMTV_CultureEtVous_2012-12-10_064700
BFMTV_CultureEtVous_2012-12-11_064700
BFMTV_CultureEtVous_2012-12-12_065040
BFMTV_CultureEtVous_2012-12-13_064700
BFMTV_CultureEtVous_2012-12-17_064700
BFMTV_CultureEtVous_2012-12-21_064700
BFMTV_CultureEtVous_2013-01-03_064700
BFMTV_RuthElkrief_2012-09-18_190340
BFMTV_RuthElkrief_2012-09-19_190040
BFMTV_RuthElkrief_2012-09-20_190040
BFMTV_RuthElkrief_2012-09-21_190040
LCP_CaVousRegarde_2012-09-19_002500
LCP_CaVousRegarde_2012-09-20_002500
LCP_CaVousRegarde_2012-09-25_202500
LCP_EntreLesLignes_2012-10-19_212000
LCP_EntreLesLignes_2012-12-08_032500
LCP_EntreLesLignes_2013-01-19_212400
LCP_EntreLesLignes_2013-03-02_212400
LCP_EntreLesLignes_2013-03-16_212400
LCP_LCPActu14h_2012-11-26_135500
LCP_LCPActu14h_2013-01-08_135400
LCP_LCPActu14h_2013-01-09_135400
LCP_LCPInfo13h30_2012-04-11_132700
LCP_LCPInfo13h30_2012-04-12_132700
LCP_LCPInfo13h30_2012-04-13_132700
LCP_LCPInfo13h30_2012-04-19_132700
LCP_LCPInfo13h30_2012-05-03_132700
LCP_PileEtFace_2012-07-05_192700
LCP_PileEtFace_2012-10-04_192200
LCP_PileEtFace_2012-10-15_142500
LCP_PileEtFace_2012-10-26_012500
LCP_PileEtFace_2012-11-30_012500
LCP_PileEtFace_2012-12-08_012500
LCP_TopQuestions_2012-11-28_232500
LCP_TopQuestions_2013-01-30_232600
LCP_TopQuestions_2013-04-24_232600
